#
# There is insufficient memory for the Java Runtime Environment to continue.
# Native memory allocation (malloc) failed to allocate 494096 bytes for Chunk::new
# Possible reasons:
#   The system is out of physical RAM or swap space
#   The process is running with CompressedOops enabled, and the Java Heap may be blocking the growth of the native heap
# Possible solutions:
#   Reduce memory load on the system
#   Increase physical memory or swap space
#   Check if swap backing store is full
#   Decrease Java heap size (-Xmx/-Xms)
#   Decrease number of Java threads
#   Decrease Java thread stack sizes (-Xss)
#   Set larger code cache with -XX:ReservedCodeCacheSize=
#   JVM is running with Unscaled Compressed Oops mode in which the Java heap is
#     placed in the first 4GB address space. The Java Heap base address is the
#     maximum limit for the native heap growth. Please use -XX:HeapBaseMinAddress
#     to set the Java Heap base and to place the Java Heap above 4GB virtual address.
# This output file may be truncated or incomplete.
#
#  Out of Memory Error (./src/hotspot/share/memory/arena.cpp:197), pid=17520, tid=17740
#
# JRE version: OpenJDK Runtime Environment Corretto-11.0.17.8.1 (11.0.17+8) (build 11.0.17+8-LTS)
# Java VM: OpenJDK 64-Bit Server VM Corretto-11.0.17.8.1 (11.0.17+8-LTS, mixed mode, tiered, compressed oops, g1 gc, windows-amd64)
# No core dump will be written. Minidumps are not enabled by default on client versions of Windows
#

---------------  S U M M A R Y ------------

Command Line: -Dallure.results.directory=E:\NTLG_Testing_Automation\HW_Card-Delivery-with-Patterns\build\allure-results -Djunit.jupiter.extensions.autodetection.enabled=true -Dorg.gradle.internal.worker.tmpdir=E:\NTLG_Testing_Automation\HW_Card-Delivery-with-Patterns\build\tmp\test\work -Dorg.gradle.native=false -Dselenide.headless -javaagent:C:\Users\gvynh\.gradle\caches\modules-2\files-2.1\org.aspectj\aspectjweaver\1.9.9.1\dcd2703279a94ad909fa3f3d08671cb0f2dabf7\aspectjweaver-1.9.9.1.jar --add-opens=java.base/java.util=ALL-UNNAMED --add-opens=java.base/java.lang=ALL-UNNAMED -Xmx512m -Dfile.encoding=windows-1251 -Duser.country=RU -Duser.language=ru -Duser.variant -ea worker.org.gradle.process.internal.worker.GradleWorkerMain 'Gradle Test Executor 3'

Host: 11th Gen Intel(R) Core(TM) i7-11700F @ 2.50GHz, 16 cores, 15G,  Windows 10 , 64 bit Build 19041 (10.0.19041.546)
Time: Thu Jun  8 04:49:08 2023 RTZ 2 (s 10 , 64 bit Build 19041 (10.0.19041.546) elapsed time: 0.542090 seconds (0d 0h 0m 0s)

---------------  T H R E A D  ---------------

Current thread (0x0000024c3ca38000):  JavaThread "C2 CompilerThread1" daemon [_thread_in_native, id=17740, stack(0x0000008c76f00000,0x0000008c77000000)]


Current CompileTask:
C2:    542 1475       4       jdk.internal.loader.URLClassPath::getResource (74 bytes)

Stack: [0x0000008c76f00000,0x0000008c77000000]
Native frames: (J=compiled Java code, j=interpreted, Vv=VM code, C=native code)
V  [jvm.dll+0x61f66a]
V  [jvm.dll+0x7ac889]
V  [jvm.dll+0x7adf78]
V  [jvm.dll+0x7ae653]
V  [jvm.dll+0x24fbe8]
V  [jvm.dll+0xc262c]
V  [jvm.dll+0xc2bec]
V  [jvm.dll+0x2c1a64]
V  [jvm.dll+0x52e3cc]
V  [jvm.dll+0x21113b]
V  [jvm.dll+0x20aea4]
V  [jvm.dll+0x20806b]
V  [jvm.dll+0x18a3c1]
V  [jvm.dll+0x217894]
V  [jvm.dll+0x215adb]
V  [jvm.dll+0x76f380]
V  [jvm.dll+0x7682b4]
V  [jvm.dll+0x61e4d5]
C  [ucrtbase.dll+0x214c2]
C  [KERNEL32.DLL+0x17034]
C  [ntdll.dll+0x4cec1]


---------------  P R O C E S S  ---------------

Threads class SMR info:
_java_thread_list=0x0000024c3ca28e40, length=15, elements={
0x0000024c1fc09000, 0x0000024c3c6eb800, 0x0000024c3c715800, 0x0000024c3c770000,
0x0000024c3c774800, 0x0000024c3c775800, 0x0000024c3c777800, 0x0000024c3c780800,
0x0000024c3c785000, 0x0000024c3c8d0800, 0x0000024c3ca2c800, 0x0000024c3ca3c800,
0x0000024c3ca38800, 0x0000024c3ca38000, 0x0000024c3ca39800
}

Java Threads: ( => current thread )
  0x0000024c1fc09000 JavaThread "main" [_thread_in_vm, id=19320, stack(0x0000008c75c00000,0x0000008c75d00000)]
  0x0000024c3c6eb800 JavaThread "Reference Handler" daemon [_thread_blocked, id=1684, stack(0x0000008c76300000,0x0000008c76400000)]
  0x0000024c3c715800 JavaThread "Finalizer" daemon [_thread_blocked, id=19396, stack(0x0000008c76400000,0x0000008c76500000)]
  0x0000024c3c770000 JavaThread "Signal Dispatcher" daemon [_thread_blocked, id=19296, stack(0x0000008c76500000,0x0000008c76600000)]
  0x0000024c3c774800 JavaThread "Attach Listener" daemon [_thread_blocked, id=19408, stack(0x0000008c76600000,0x0000008c76700000)]
  0x0000024c3c775800 JavaThread "Service Thread" daemon [_thread_blocked, id=13316, stack(0x0000008c76700000,0x0000008c76800000)]
  0x0000024c3c777800 JavaThread "C2 CompilerThread0" daemon [_thread_in_native, id=11700, stack(0x0000008c76800000,0x0000008c76900000)]
  0x0000024c3c780800 JavaThread "C1 CompilerThread0" daemon [_thread_in_native, id=9460, stack(0x0000008c76900000,0x0000008c76a00000)]
  0x0000024c3c785000 JavaThread "Sweeper thread" daemon [_thread_blocked, id=5924, stack(0x0000008c76a00000,0x0000008c76b00000)]
  0x0000024c3c8d0800 JavaThread "Common-Cleaner" daemon [_thread_blocked, id=5768, stack(0x0000008c76b00000,0x0000008c76c00000)]
  0x0000024c3ca2c800 JavaThread "C1 CompilerThread1" daemon [_thread_in_native, id=2072, stack(0x0000008c76c00000,0x0000008c76d00000)]
  0x0000024c3ca3c800 JavaThread "C1 CompilerThread2" daemon [_thread_in_native, id=860, stack(0x0000008c76d00000,0x0000008c76e00000)]
  0x0000024c3ca38800 JavaThread "C1 CompilerThread3" daemon [_thread_in_native, id=13212, stack(0x0000008c76e00000,0x0000008c76f00000)]
=>0x0000024c3ca38000 JavaThread "C2 CompilerThread1" daemon [_thread_in_native, id=17740, stack(0x0000008c76f00000,0x0000008c77000000)]
  0x0000024c3ca39800 JavaThread "C2 CompilerThread2" daemon [_thread_in_native, id=13724, stack(0x0000008c77000000,0x0000008c77100000)]

Other Threads:
  0x0000024c3c6e8800 VMThread "VM Thread" [stack: 0x0000008c76200000,0x0000008c76300000] [id=17476]
  0x0000024c3d214800 WatcherThread [stack: 0x0000008c77100000,0x0000008c77200000] [id=13536]
  0x0000024c1fc23800 GCTaskThread "GC Thread#0" [stack: 0x0000008c75d00000,0x0000008c75e00000] [id=2760]
  0x0000024c3d582000 GCTaskThread "GC Thread#1" [stack: 0x0000008c77200000,0x0000008c77300000] [id=11216]
  0x0000024c3d969800 GCTaskThread "GC Thread#2" [stack: 0x0000008c77300000,0x0000008c77400000] [id=18864]
  0x0000024c3d96a000 GCTaskThread "GC Thread#3" [stack: 0x0000008c77400000,0x0000008c77500000] [id=7224]
  0x0000024c3d467000 GCTaskThread "GC Thread#4" [stack: 0x0000008c77500000,0x0000008c77600000] [id=1060]
  0x0000024c3d467800 GCTaskThread "GC Thread#5" [stack: 0x0000008c77600000,0x0000008c77700000] [id=18988]
  0x0000024c1fc35800 ConcurrentGCThread "G1 Main Marker" [stack: 0x0000008c75e00000,0x0000008c75f00000] [id=19204]
  0x0000024c1fc38000 ConcurrentGCThread "G1 Conc#0" [stack: 0x0000008c75f00000,0x0000008c76000000] [id=17468]
  0x0000024c1fcdd800 ConcurrentGCThread "G1 Refine#0" [stack: 0x0000008c76000000,0x0000008c76100000] [id=19164]
  0x0000024c1fcde800 ConcurrentGCThread "G1 Young RemSet Sampling" [stack: 0x0000008c76100000,0x0000008c76200000] [id=17472]

Threads with active compile tasks:
C2 CompilerThread0      558 1130       4       org.aspectj.apache.bcel.classfile.Attribute::readAttribute (568 bytes)
C1 CompilerThread0      558 1549       3       java.lang.reflect.ProxyGenerator$ConstantPool$IndirectEntry::equals (49 bytes)
C1 CompilerThread1      558 1542       3       sun.invoke.util.VerifyAccess::isClassAccessible (182 bytes)
C1 CompilerThread2      558 1546       3       java.lang.reflect.ProxyGenerator$ConstantPool::getValue (87 bytes)
C1 CompilerThread3      558 1548       3       java.lang.reflect.ProxyGenerator$ConstantPool::getIndirect (63 bytes)
C2 CompilerThread1      558 1475       4       jdk.internal.loader.URLClassPath::getResource (74 bytes)
C2 CompilerThread2      558 1537   !   4       java.util.concurrent.ConcurrentHashMap::putVal (432 bytes)

VM state:not at safepoint (normal execution)

VM Mutex/Monitor currently owned by a thread: None

Heap address: 0x00000000e0000000, size: 512 MB, Compressed Oops mode: 32-bit
Narrow klass base: 0x0000000000000000, Narrow klass shift: 3
Compressed class space size: 1073741824 Address: 0x0000000100000000

Heap:
 garbage-first heap   total 260096K, used 40132K [0x00000000e0000000, 0x0000000100000000)
  region size 1024K, 37 young (37888K), 3 survivors (3072K)
 Metaspace       used 17194K, capacity 17521K, committed 17664K, reserved 1064960K
  class space    used 1696K, capacity 1785K, committed 1792K, reserved 1048576K
Heap Regions: E=young(eden), S=young(survivor), O=old, HS=humongous(starts), HC=humongous(continues), CS=collection set, F=free, A=archive, TAMS=top-at-mark-start (previous, next)
|   0|0x00000000e0000000, 0x00000000e0100000, 0x00000000e0100000|100%| O|  |TAMS 0x00000000e0000000, 0x00000000e0000000| Untracked 
|   1|0x00000000e0100000, 0x00000000e0200000, 0x00000000e0200000|100%| O|  |TAMS 0x00000000e0100000, 0x00000000e0100000| Untracked 
|   2|0x00000000e0200000, 0x00000000e0300000, 0x00000000e0300000|100%| O|  |TAMS 0x00000000e0200000, 0x00000000e0200000| Untracked 
|   3|0x00000000e0300000, 0x00000000e0331200, 0x00000000e0400000| 19%| O|  |TAMS 0x00000000e0300000, 0x00000000e0300000| Untracked 
|   4|0x00000000e0400000, 0x00000000e0400000, 0x00000000e0500000|  0%| F|  |TAMS 0x00000000e0400000, 0x00000000e0400000| Untracked 
|   5|0x00000000e0500000, 0x00000000e0500000, 0x00000000e0600000|  0%| F|  |TAMS 0x00000000e0500000, 0x00000000e0500000| Untracked 
|   6|0x00000000e0600000, 0x00000000e0600000, 0x00000000e0700000|  0%| F|  |TAMS 0x00000000e0600000, 0x00000000e0600000| Untracked 
|   7|0x00000000e0700000, 0x00000000e0700000, 0x00000000e0800000|  0%| F|  |TAMS 0x00000000e0700000, 0x00000000e0700000| Untracked 
|   8|0x00000000e0800000, 0x00000000e0800000, 0x00000000e0900000|  0%| F|  |TAMS 0x00000000e0800000, 0x00000000e0800000| Untracked 
|   9|0x00000000e0900000, 0x00000000e0900000, 0x00000000e0a00000|  0%| F|  |TAMS 0x00000000e0900000, 0x00000000e0900000| Untracked 
|  10|0x00000000e0a00000, 0x00000000e0a00000, 0x00000000e0b00000|  0%| F|  |TAMS 0x00000000e0a00000, 0x00000000e0a00000| Untracked 
|  11|0x00000000e0b00000, 0x00000000e0b00000, 0x00000000e0c00000|  0%| F|  |TAMS 0x00000000e0b00000, 0x00000000e0b00000| Untracked 
|  12|0x00000000e0c00000, 0x00000000e0c00000, 0x00000000e0d00000|  0%| F|  |TAMS 0x00000000e0c00000, 0x00000000e0c00000| Untracked 
|  13|0x00000000e0d00000, 0x00000000e0d00000, 0x00000000e0e00000|  0%| F|  |TAMS 0x00000000e0d00000, 0x00000000e0d00000| Untracked 
|  14|0x00000000e0e00000, 0x00000000e0e00000, 0x00000000e0f00000|  0%| F|  |TAMS 0x00000000e0e00000, 0x00000000e0e00000| Untracked 
|  15|0x00000000e0f00000, 0x00000000e0f00000, 0x00000000e1000000|  0%| F|  |TAMS 0x00000000e0f00000, 0x00000000e0f00000| Untracked 
|  16|0x00000000e1000000, 0x00000000e1000000, 0x00000000e1100000|  0%| F|  |TAMS 0x00000000e1000000, 0x00000000e1000000| Untracked 
|  17|0x00000000e1100000, 0x00000000e1100000, 0x00000000e1200000|  0%| F|  |TAMS 0x00000000e1100000, 0x00000000e1100000| Untracked 
|  18|0x00000000e1200000, 0x00000000e1200000, 0x00000000e1300000|  0%| F|  |TAMS 0x00000000e1200000, 0x00000000e1200000| Untracked 
|  19|0x00000000e1300000, 0x00000000e1300000, 0x00000000e1400000|  0%| F|  |TAMS 0x00000000e1300000, 0x00000000e1300000| Untracked 
|  20|0x00000000e1400000, 0x00000000e1400000, 0x00000000e1500000|  0%| F|  |TAMS 0x00000000e1400000, 0x00000000e1400000| Untracked 
|  21|0x00000000e1500000, 0x00000000e1500000, 0x00000000e1600000|  0%| F|  |TAMS 0x00000000e1500000, 0x00000000e1500000| Untracked 
|  22|0x00000000e1600000, 0x00000000e1600000, 0x00000000e1700000|  0%| F|  |TAMS 0x00000000e1600000, 0x00000000e1600000| Untracked 
|  23|0x00000000e1700000, 0x00000000e1700000, 0x00000000e1800000|  0%| F|  |TAMS 0x00000000e1700000, 0x00000000e1700000| Untracked 
|  24|0x00000000e1800000, 0x00000000e1800000, 0x00000000e1900000|  0%| F|  |TAMS 0x00000000e1800000, 0x00000000e1800000| Untracked 
|  25|0x00000000e1900000, 0x00000000e1900000, 0x00000000e1a00000|  0%| F|  |TAMS 0x00000000e1900000, 0x00000000e1900000| Untracked 
|  26|0x00000000e1a00000, 0x00000000e1a00000, 0x00000000e1b00000|  0%| F|  |TAMS 0x00000000e1a00000, 0x00000000e1a00000| Untracked 
|  27|0x00000000e1b00000, 0x00000000e1b00000, 0x00000000e1c00000|  0%| F|  |TAMS 0x00000000e1b00000, 0x00000000e1b00000| Untracked 
|  28|0x00000000e1c00000, 0x00000000e1c00000, 0x00000000e1d00000|  0%| F|  |TAMS 0x00000000e1c00000, 0x00000000e1c00000| Untracked 
|  29|0x00000000e1d00000, 0x00000000e1d00000, 0x00000000e1e00000|  0%| F|  |TAMS 0x00000000e1d00000, 0x00000000e1d00000| Untracked 
|  30|0x00000000e1e00000, 0x00000000e1e00000, 0x00000000e1f00000|  0%| F|  |TAMS 0x00000000e1e00000, 0x00000000e1e00000| Untracked 
|  31|0x00000000e1f00000, 0x00000000e1f00000, 0x00000000e2000000|  0%| F|  |TAMS 0x00000000e1f00000, 0x00000000e1f00000| Untracked 
|  32|0x00000000e2000000, 0x00000000e2000000, 0x00000000e2100000|  0%| F|  |TAMS 0x00000000e2000000, 0x00000000e2000000| Untracked 
|  33|0x00000000e2100000, 0x00000000e2100000, 0x00000000e2200000|  0%| F|  |TAMS 0x00000000e2100000, 0x00000000e2100000| Untracked 
|  34|0x00000000e2200000, 0x00000000e2200000, 0x00000000e2300000|  0%| F|  |TAMS 0x00000000e2200000, 0x00000000e2200000| Untracked 
|  35|0x00000000e2300000, 0x00000000e2300000, 0x00000000e2400000|  0%| F|  |TAMS 0x00000000e2300000, 0x00000000e2300000| Untracked 
|  36|0x00000000e2400000, 0x00000000e2400000, 0x00000000e2500000|  0%| F|  |TAMS 0x00000000e2400000, 0x00000000e2400000| Untracked 
|  37|0x00000000e2500000, 0x00000000e2500000, 0x00000000e2600000|  0%| F|  |TAMS 0x00000000e2500000, 0x00000000e2500000| Untracked 
|  38|0x00000000e2600000, 0x00000000e2600000, 0x00000000e2700000|  0%| F|  |TAMS 0x00000000e2600000, 0x00000000e2600000| Untracked 
|  39|0x00000000e2700000, 0x00000000e2700000, 0x00000000e2800000|  0%| F|  |TAMS 0x00000000e2700000, 0x00000000e2700000| Untracked 
|  40|0x00000000e2800000, 0x00000000e2800000, 0x00000000e2900000|  0%| F|  |TAMS 0x00000000e2800000, 0x00000000e2800000| Untracked 
|  41|0x00000000e2900000, 0x00000000e2900000, 0x00000000e2a00000|  0%| F|  |TAMS 0x00000000e2900000, 0x00000000e2900000| Untracked 
|  42|0x00000000e2a00000, 0x00000000e2a00000, 0x00000000e2b00000|  0%| F|  |TAMS 0x00000000e2a00000, 0x00000000e2a00000| Untracked 
|  43|0x00000000e2b00000, 0x00000000e2b00000, 0x00000000e2c00000|  0%| F|  |TAMS 0x00000000e2b00000, 0x00000000e2b00000| Untracked 
|  44|0x00000000e2c00000, 0x00000000e2c00000, 0x00000000e2d00000|  0%| F|  |TAMS 0x00000000e2c00000, 0x00000000e2c00000| Untracked 
|  45|0x00000000e2d00000, 0x00000000e2d00000, 0x00000000e2e00000|  0%| F|  |TAMS 0x00000000e2d00000, 0x00000000e2d00000| Untracked 
|  46|0x00000000e2e00000, 0x00000000e2e00000, 0x00000000e2f00000|  0%| F|  |TAMS 0x00000000e2e00000, 0x00000000e2e00000| Untracked 
|  47|0x00000000e2f00000, 0x00000000e2f00000, 0x00000000e3000000|  0%| F|  |TAMS 0x00000000e2f00000, 0x00000000e2f00000| Untracked 
|  48|0x00000000e3000000, 0x00000000e3000000, 0x00000000e3100000|  0%| F|  |TAMS 0x00000000e3000000, 0x00000000e3000000| Untracked 
|  49|0x00000000e3100000, 0x00000000e3100000, 0x00000000e3200000|  0%| F|  |TAMS 0x00000000e3100000, 0x00000000e3100000| Untracked 
|  50|0x00000000e3200000, 0x00000000e3200000, 0x00000000e3300000|  0%| F|  |TAMS 0x00000000e3200000, 0x00000000e3200000| Untracked 
|  51|0x00000000e3300000, 0x00000000e3300000, 0x00000000e3400000|  0%| F|  |TAMS 0x00000000e3300000, 0x00000000e3300000| Untracked 
|  52|0x00000000e3400000, 0x00000000e3400000, 0x00000000e3500000|  0%| F|  |TAMS 0x00000000e3400000, 0x00000000e3400000| Untracked 
|  53|0x00000000e3500000, 0x00000000e3500000, 0x00000000e3600000|  0%| F|  |TAMS 0x00000000e3500000, 0x00000000e3500000| Untracked 
|  54|0x00000000e3600000, 0x00000000e3600000, 0x00000000e3700000|  0%| F|  |TAMS 0x00000000e3600000, 0x00000000e3600000| Untracked 
|  55|0x00000000e3700000, 0x00000000e3700000, 0x00000000e3800000|  0%| F|  |TAMS 0x00000000e3700000, 0x00000000e3700000| Untracked 
|  56|0x00000000e3800000, 0x00000000e3800000, 0x00000000e3900000|  0%| F|  |TAMS 0x00000000e3800000, 0x00000000e3800000| Untracked 
|  57|0x00000000e3900000, 0x00000000e3900000, 0x00000000e3a00000|  0%| F|  |TAMS 0x00000000e3900000, 0x00000000e3900000| Untracked 
|  58|0x00000000e3a00000, 0x00000000e3a00000, 0x00000000e3b00000|  0%| F|  |TAMS 0x00000000e3a00000, 0x00000000e3a00000| Untracked 
|  59|0x00000000e3b00000, 0x00000000e3b00000, 0x00000000e3c00000|  0%| F|  |TAMS 0x00000000e3b00000, 0x00000000e3b00000| Untracked 
|  60|0x00000000e3c00000, 0x00000000e3c00000, 0x00000000e3d00000|  0%| F|  |TAMS 0x00000000e3c00000, 0x00000000e3c00000| Untracked 
|  61|0x00000000e3d00000, 0x00000000e3d00000, 0x00000000e3e00000|  0%| F|  |TAMS 0x00000000e3d00000, 0x00000000e3d00000| Untracked 
|  62|0x00000000e3e00000, 0x00000000e3e00000, 0x00000000e3f00000|  0%| F|  |TAMS 0x00000000e3e00000, 0x00000000e3e00000| Untracked 
|  63|0x00000000e3f00000, 0x00000000e3f00000, 0x00000000e4000000|  0%| F|  |TAMS 0x00000000e3f00000, 0x00000000e3f00000| Untracked 
|  64|0x00000000e4000000, 0x00000000e4000000, 0x00000000e4100000|  0%| F|  |TAMS 0x00000000e4000000, 0x00000000e4000000| Untracked 
|  65|0x00000000e4100000, 0x00000000e4100000, 0x00000000e4200000|  0%| F|  |TAMS 0x00000000e4100000, 0x00000000e4100000| Untracked 
|  66|0x00000000e4200000, 0x00000000e4200000, 0x00000000e4300000|  0%| F|  |TAMS 0x00000000e4200000, 0x00000000e4200000| Untracked 
|  67|0x00000000e4300000, 0x00000000e4300000, 0x00000000e4400000|  0%| F|  |TAMS 0x00000000e4300000, 0x00000000e4300000| Untracked 
|  68|0x00000000e4400000, 0x00000000e4400000, 0x00000000e4500000|  0%| F|  |TAMS 0x00000000e4400000, 0x00000000e4400000| Untracked 
|  69|0x00000000e4500000, 0x00000000e4500000, 0x00000000e4600000|  0%| F|  |TAMS 0x00000000e4500000, 0x00000000e4500000| Untracked 
|  70|0x00000000e4600000, 0x00000000e4600000, 0x00000000e4700000|  0%| F|  |TAMS 0x00000000e4600000, 0x00000000e4600000| Untracked 
|  71|0x00000000e4700000, 0x00000000e4700000, 0x00000000e4800000|  0%| F|  |TAMS 0x00000000e4700000, 0x00000000e4700000| Untracked 
|  72|0x00000000e4800000, 0x00000000e4800000, 0x00000000e4900000|  0%| F|  |TAMS 0x00000000e4800000, 0x00000000e4800000| Untracked 
|  73|0x00000000e4900000, 0x00000000e4900000, 0x00000000e4a00000|  0%| F|  |TAMS 0x00000000e4900000, 0x00000000e4900000| Untracked 
|  74|0x00000000e4a00000, 0x00000000e4a00000, 0x00000000e4b00000|  0%| F|  |TAMS 0x00000000e4a00000, 0x00000000e4a00000| Untracked 
|  75|0x00000000e4b00000, 0x00000000e4b00000, 0x00000000e4c00000|  0%| F|  |TAMS 0x00000000e4b00000, 0x00000000e4b00000| Untracked 
|  76|0x00000000e4c00000, 0x00000000e4c00000, 0x00000000e4d00000|  0%| F|  |TAMS 0x00000000e4c00000, 0x00000000e4c00000| Untracked 
|  77|0x00000000e4d00000, 0x00000000e4d00000, 0x00000000e4e00000|  0%| F|  |TAMS 0x00000000e4d00000, 0x00000000e4d00000| Untracked 
|  78|0x00000000e4e00000, 0x00000000e4e00000, 0x00000000e4f00000|  0%| F|  |TAMS 0x00000000e4e00000, 0x00000000e4e00000| Untracked 
|  79|0x00000000e4f00000, 0x00000000e4f00000, 0x00000000e5000000|  0%| F|  |TAMS 0x00000000e4f00000, 0x00000000e4f00000| Untracked 
|  80|0x00000000e5000000, 0x00000000e5000000, 0x00000000e5100000|  0%| F|  |TAMS 0x00000000e5000000, 0x00000000e5000000| Untracked 
|  81|0x00000000e5100000, 0x00000000e5100000, 0x00000000e5200000|  0%| F|  |TAMS 0x00000000e5100000, 0x00000000e5100000| Untracked 
|  82|0x00000000e5200000, 0x00000000e5200000, 0x00000000e5300000|  0%| F|  |TAMS 0x00000000e5200000, 0x00000000e5200000| Untracked 
|  83|0x00000000e5300000, 0x00000000e5300000, 0x00000000e5400000|  0%| F|  |TAMS 0x00000000e5300000, 0x00000000e5300000| Untracked 
|  84|0x00000000e5400000, 0x00000000e5400000, 0x00000000e5500000|  0%| F|  |TAMS 0x00000000e5400000, 0x00000000e5400000| Untracked 
|  85|0x00000000e5500000, 0x00000000e5500000, 0x00000000e5600000|  0%| F|  |TAMS 0x00000000e5500000, 0x00000000e5500000| Untracked 
|  86|0x00000000e5600000, 0x00000000e5600000, 0x00000000e5700000|  0%| F|  |TAMS 0x00000000e5600000, 0x00000000e5600000| Untracked 
|  87|0x00000000e5700000, 0x00000000e5700000, 0x00000000e5800000|  0%| F|  |TAMS 0x00000000e5700000, 0x00000000e5700000| Untracked 
|  88|0x00000000e5800000, 0x00000000e5800000, 0x00000000e5900000|  0%| F|  |TAMS 0x00000000e5800000, 0x00000000e5800000| Untracked 
|  89|0x00000000e5900000, 0x00000000e5900000, 0x00000000e5a00000|  0%| F|  |TAMS 0x00000000e5900000, 0x00000000e5900000| Untracked 
|  90|0x00000000e5a00000, 0x00000000e5a00000, 0x00000000e5b00000|  0%| F|  |TAMS 0x00000000e5a00000, 0x00000000e5a00000| Untracked 
|  91|0x00000000e5b00000, 0x00000000e5b00000, 0x00000000e5c00000|  0%| F|  |TAMS 0x00000000e5b00000, 0x00000000e5b00000| Untracked 
|  92|0x00000000e5c00000, 0x00000000e5c00000, 0x00000000e5d00000|  0%| F|  |TAMS 0x00000000e5c00000, 0x00000000e5c00000| Untracked 
|  93|0x00000000e5d00000, 0x00000000e5d00000, 0x00000000e5e00000|  0%| F|  |TAMS 0x00000000e5d00000, 0x00000000e5d00000| Untracked 
|  94|0x00000000e5e00000, 0x00000000e5e00000, 0x00000000e5f00000|  0%| F|  |TAMS 0x00000000e5e00000, 0x00000000e5e00000| Untracked 
|  95|0x00000000e5f00000, 0x00000000e5f00000, 0x00000000e6000000|  0%| F|  |TAMS 0x00000000e5f00000, 0x00000000e5f00000| Untracked 
|  96|0x00000000e6000000, 0x00000000e6000000, 0x00000000e6100000|  0%| F|  |TAMS 0x00000000e6000000, 0x00000000e6000000| Untracked 
|  97|0x00000000e6100000, 0x00000000e6100000, 0x00000000e6200000|  0%| F|  |TAMS 0x00000000e6100000, 0x00000000e6100000| Untracked 
|  98|0x00000000e6200000, 0x00000000e6200000, 0x00000000e6300000|  0%| F|  |TAMS 0x00000000e6200000, 0x00000000e6200000| Untracked 
|  99|0x00000000e6300000, 0x00000000e6300000, 0x00000000e6400000|  0%| F|  |TAMS 0x00000000e6300000, 0x00000000e6300000| Untracked 
| 100|0x00000000e6400000, 0x00000000e6400000, 0x00000000e6500000|  0%| F|  |TAMS 0x00000000e6400000, 0x00000000e6400000| Untracked 
| 101|0x00000000e6500000, 0x00000000e6500000, 0x00000000e6600000|  0%| F|  |TAMS 0x00000000e6500000, 0x00000000e6500000| Untracked 
| 102|0x00000000e6600000, 0x00000000e6600000, 0x00000000e6700000|  0%| F|  |TAMS 0x00000000e6600000, 0x00000000e6600000| Untracked 
| 103|0x00000000e6700000, 0x00000000e6700000, 0x00000000e6800000|  0%| F|  |TAMS 0x00000000e6700000, 0x00000000e6700000| Untracked 
| 104|0x00000000e6800000, 0x00000000e6800000, 0x00000000e6900000|  0%| F|  |TAMS 0x00000000e6800000, 0x00000000e6800000| Untracked 
| 105|0x00000000e6900000, 0x00000000e6900000, 0x00000000e6a00000|  0%| F|  |TAMS 0x00000000e6900000, 0x00000000e6900000| Untracked 
| 106|0x00000000e6a00000, 0x00000000e6a00000, 0x00000000e6b00000|  0%| F|  |TAMS 0x00000000e6a00000, 0x00000000e6a00000| Untracked 
| 107|0x00000000e6b00000, 0x00000000e6b00000, 0x00000000e6c00000|  0%| F|  |TAMS 0x00000000e6b00000, 0x00000000e6b00000| Untracked 
| 108|0x00000000e6c00000, 0x00000000e6c00000, 0x00000000e6d00000|  0%| F|  |TAMS 0x00000000e6c00000, 0x00000000e6c00000| Untracked 
| 109|0x00000000e6d00000, 0x00000000e6d00000, 0x00000000e6e00000|  0%| F|  |TAMS 0x00000000e6d00000, 0x00000000e6d00000| Untracked 
| 110|0x00000000e6e00000, 0x00000000e6e00000, 0x00000000e6f00000|  0%| F|  |TAMS 0x00000000e6e00000, 0x00000000e6e00000| Untracked 
| 111|0x00000000e6f00000, 0x00000000e6f00000, 0x00000000e7000000|  0%| F|  |TAMS 0x00000000e6f00000, 0x00000000e6f00000| Untracked 
| 112|0x00000000e7000000, 0x00000000e7000000, 0x00000000e7100000|  0%| F|  |TAMS 0x00000000e7000000, 0x00000000e7000000| Untracked 
| 113|0x00000000e7100000, 0x00000000e7100000, 0x00000000e7200000|  0%| F|  |TAMS 0x00000000e7100000, 0x00000000e7100000| Untracked 
| 114|0x00000000e7200000, 0x00000000e7200000, 0x00000000e7300000|  0%| F|  |TAMS 0x00000000e7200000, 0x00000000e7200000| Untracked 
| 115|0x00000000e7300000, 0x00000000e7300000, 0x00000000e7400000|  0%| F|  |TAMS 0x00000000e7300000, 0x00000000e7300000| Untracked 
| 116|0x00000000e7400000, 0x00000000e7400000, 0x00000000e7500000|  0%| F|  |TAMS 0x00000000e7400000, 0x00000000e7400000| Untracked 
| 117|0x00000000e7500000, 0x00000000e7500000, 0x00000000e7600000|  0%| F|  |TAMS 0x00000000e7500000, 0x00000000e7500000| Untracked 
| 118|0x00000000e7600000, 0x00000000e7600000, 0x00000000e7700000|  0%| F|  |TAMS 0x00000000e7600000, 0x00000000e7600000| Untracked 
| 119|0x00000000e7700000, 0x00000000e7700000, 0x00000000e7800000|  0%| F|  |TAMS 0x00000000e7700000, 0x00000000e7700000| Untracked 
| 120|0x00000000e7800000, 0x00000000e7800000, 0x00000000e7900000|  0%| F|  |TAMS 0x00000000e7800000, 0x00000000e7800000| Untracked 
| 121|0x00000000e7900000, 0x00000000e7900000, 0x00000000e7a00000|  0%| F|  |TAMS 0x00000000e7900000, 0x00000000e7900000| Untracked 
| 122|0x00000000e7a00000, 0x00000000e7a00000, 0x00000000e7b00000|  0%| F|  |TAMS 0x00000000e7a00000, 0x00000000e7a00000| Untracked 
| 123|0x00000000e7b00000, 0x00000000e7b00000, 0x00000000e7c00000|  0%| F|  |TAMS 0x00000000e7b00000, 0x00000000e7b00000| Untracked 
| 124|0x00000000e7c00000, 0x00000000e7c00000, 0x00000000e7d00000|  0%| F|  |TAMS 0x00000000e7c00000, 0x00000000e7c00000| Untracked 
| 125|0x00000000e7d00000, 0x00000000e7d00000, 0x00000000e7e00000|  0%| F|  |TAMS 0x00000000e7d00000, 0x00000000e7d00000| Untracked 
| 126|0x00000000e7e00000, 0x00000000e7e00000, 0x00000000e7f00000|  0%| F|  |TAMS 0x00000000e7e00000, 0x00000000e7e00000| Untracked 
| 127|0x00000000e7f00000, 0x00000000e7f00000, 0x00000000e8000000|  0%| F|  |TAMS 0x00000000e7f00000, 0x00000000e7f00000| Untracked 
| 128|0x00000000e8000000, 0x00000000e8000000, 0x00000000e8100000|  0%| F|  |TAMS 0x00000000e8000000, 0x00000000e8000000| Untracked 
| 129|0x00000000e8100000, 0x00000000e8100000, 0x00000000e8200000|  0%| F|  |TAMS 0x00000000e8100000, 0x00000000e8100000| Untracked 
| 130|0x00000000e8200000, 0x00000000e8200000, 0x00000000e8300000|  0%| F|  |TAMS 0x00000000e8200000, 0x00000000e8200000| Untracked 
| 131|0x00000000e8300000, 0x00000000e8300000, 0x00000000e8400000|  0%| F|  |TAMS 0x00000000e8300000, 0x00000000e8300000| Untracked 
| 132|0x00000000e8400000, 0x00000000e8400000, 0x00000000e8500000|  0%| F|  |TAMS 0x00000000e8400000, 0x00000000e8400000| Untracked 
| 133|0x00000000e8500000, 0x00000000e8500000, 0x00000000e8600000|  0%| F|  |TAMS 0x00000000e8500000, 0x00000000e8500000| Untracked 
| 134|0x00000000e8600000, 0x00000000e8600000, 0x00000000e8700000|  0%| F|  |TAMS 0x00000000e8600000, 0x00000000e8600000| Untracked 
| 135|0x00000000e8700000, 0x00000000e8700000, 0x00000000e8800000|  0%| F|  |TAMS 0x00000000e8700000, 0x00000000e8700000| Untracked 
| 136|0x00000000e8800000, 0x00000000e8800000, 0x00000000e8900000|  0%| F|  |TAMS 0x00000000e8800000, 0x00000000e8800000| Untracked 
| 137|0x00000000e8900000, 0x00000000e8900000, 0x00000000e8a00000|  0%| F|  |TAMS 0x00000000e8900000, 0x00000000e8900000| Untracked 
| 138|0x00000000e8a00000, 0x00000000e8a00000, 0x00000000e8b00000|  0%| F|  |TAMS 0x00000000e8a00000, 0x00000000e8a00000| Untracked 
| 139|0x00000000e8b00000, 0x00000000e8b00000, 0x00000000e8c00000|  0%| F|  |TAMS 0x00000000e8b00000, 0x00000000e8b00000| Untracked 
| 140|0x00000000e8c00000, 0x00000000e8c00000, 0x00000000e8d00000|  0%| F|  |TAMS 0x00000000e8c00000, 0x00000000e8c00000| Untracked 
| 141|0x00000000e8d00000, 0x00000000e8d00000, 0x00000000e8e00000|  0%| F|  |TAMS 0x00000000e8d00000, 0x00000000e8d00000| Untracked 
| 142|0x00000000e8e00000, 0x00000000e8e00000, 0x00000000e8f00000|  0%| F|  |TAMS 0x00000000e8e00000, 0x00000000e8e00000| Untracked 
| 143|0x00000000e8f00000, 0x00000000e8f00000, 0x00000000e9000000|  0%| F|  |TAMS 0x00000000e8f00000, 0x00000000e8f00000| Untracked 
| 144|0x00000000e9000000, 0x00000000e9000000, 0x00000000e9100000|  0%| F|  |TAMS 0x00000000e9000000, 0x00000000e9000000| Untracked 
| 145|0x00000000e9100000, 0x00000000e9100000, 0x00000000e9200000|  0%| F|  |TAMS 0x00000000e9100000, 0x00000000e9100000| Untracked 
| 146|0x00000000e9200000, 0x00000000e9200000, 0x00000000e9300000|  0%| F|  |TAMS 0x00000000e9200000, 0x00000000e9200000| Untracked 
| 147|0x00000000e9300000, 0x00000000e9300000, 0x00000000e9400000|  0%| F|  |TAMS 0x00000000e9300000, 0x00000000e9300000| Untracked 
| 148|0x00000000e9400000, 0x00000000e9400000, 0x00000000e9500000|  0%| F|  |TAMS 0x00000000e9400000, 0x00000000e9400000| Untracked 
| 149|0x00000000e9500000, 0x00000000e9500000, 0x00000000e9600000|  0%| F|  |TAMS 0x00000000e9500000, 0x00000000e9500000| Untracked 
| 150|0x00000000e9600000, 0x00000000e9600000, 0x00000000e9700000|  0%| F|  |TAMS 0x00000000e9600000, 0x00000000e9600000| Untracked 
| 151|0x00000000e9700000, 0x00000000e9700000, 0x00000000e9800000|  0%| F|  |TAMS 0x00000000e9700000, 0x00000000e9700000| Untracked 
| 152|0x00000000e9800000, 0x00000000e9800000, 0x00000000e9900000|  0%| F|  |TAMS 0x00000000e9800000, 0x00000000e9800000| Untracked 
| 153|0x00000000e9900000, 0x00000000e9900000, 0x00000000e9a00000|  0%| F|  |TAMS 0x00000000e9900000, 0x00000000e9900000| Untracked 
| 154|0x00000000e9a00000, 0x00000000e9a00000, 0x00000000e9b00000|  0%| F|  |TAMS 0x00000000e9a00000, 0x00000000e9a00000| Untracked 
| 155|0x00000000e9b00000, 0x00000000e9b00000, 0x00000000e9c00000|  0%| F|  |TAMS 0x00000000e9b00000, 0x00000000e9b00000| Untracked 
| 156|0x00000000e9c00000, 0x00000000e9c00000, 0x00000000e9d00000|  0%| F|  |TAMS 0x00000000e9c00000, 0x00000000e9c00000| Untracked 
| 157|0x00000000e9d00000, 0x00000000e9d00000, 0x00000000e9e00000|  0%| F|  |TAMS 0x00000000e9d00000, 0x00000000e9d00000| Untracked 
| 158|0x00000000e9e00000, 0x00000000e9e00000, 0x00000000e9f00000|  0%| F|  |TAMS 0x00000000e9e00000, 0x00000000e9e00000| Untracked 
| 159|0x00000000e9f00000, 0x00000000e9f00000, 0x00000000ea000000|  0%| F|  |TAMS 0x00000000e9f00000, 0x00000000e9f00000| Untracked 
| 160|0x00000000ea000000, 0x00000000ea000000, 0x00000000ea100000|  0%| F|  |TAMS 0x00000000ea000000, 0x00000000ea000000| Untracked 
| 161|0x00000000ea100000, 0x00000000ea100000, 0x00000000ea200000|  0%| F|  |TAMS 0x00000000ea100000, 0x00000000ea100000| Untracked 
| 162|0x00000000ea200000, 0x00000000ea200000, 0x00000000ea300000|  0%| F|  |TAMS 0x00000000ea200000, 0x00000000ea200000| Untracked 
| 163|0x00000000ea300000, 0x00000000ea300000, 0x00000000ea400000|  0%| F|  |TAMS 0x00000000ea300000, 0x00000000ea300000| Untracked 
| 164|0x00000000ea400000, 0x00000000ea400000, 0x00000000ea500000|  0%| F|  |TAMS 0x00000000ea400000, 0x00000000ea400000| Untracked 
| 165|0x00000000ea500000, 0x00000000ea500000, 0x00000000ea600000|  0%| F|  |TAMS 0x00000000ea500000, 0x00000000ea500000| Untracked 
| 166|0x00000000ea600000, 0x00000000ea600000, 0x00000000ea700000|  0%| F|  |TAMS 0x00000000ea600000, 0x00000000ea600000| Untracked 
| 167|0x00000000ea700000, 0x00000000ea700000, 0x00000000ea800000|  0%| F|  |TAMS 0x00000000ea700000, 0x00000000ea700000| Untracked 
| 168|0x00000000ea800000, 0x00000000ea800000, 0x00000000ea900000|  0%| F|  |TAMS 0x00000000ea800000, 0x00000000ea800000| Untracked 
| 169|0x00000000ea900000, 0x00000000ea900000, 0x00000000eaa00000|  0%| F|  |TAMS 0x00000000ea900000, 0x00000000ea900000| Untracked 
| 170|0x00000000eaa00000, 0x00000000eaa00000, 0x00000000eab00000|  0%| F|  |TAMS 0x00000000eaa00000, 0x00000000eaa00000| Untracked 
| 171|0x00000000eab00000, 0x00000000eab00000, 0x00000000eac00000|  0%| F|  |TAMS 0x00000000eab00000, 0x00000000eab00000| Untracked 
| 172|0x00000000eac00000, 0x00000000eac00000, 0x00000000ead00000|  0%| F|  |TAMS 0x00000000eac00000, 0x00000000eac00000| Untracked 
| 173|0x00000000ead00000, 0x00000000ead00000, 0x00000000eae00000|  0%| F|  |TAMS 0x00000000ead00000, 0x00000000ead00000| Untracked 
| 174|0x00000000eae00000, 0x00000000eae00000, 0x00000000eaf00000|  0%| F|  |TAMS 0x00000000eae00000, 0x00000000eae00000| Untracked 
| 175|0x00000000eaf00000, 0x00000000eaf00000, 0x00000000eb000000|  0%| F|  |TAMS 0x00000000eaf00000, 0x00000000eaf00000| Untracked 
| 176|0x00000000eb000000, 0x00000000eb000000, 0x00000000eb100000|  0%| F|  |TAMS 0x00000000eb000000, 0x00000000eb000000| Untracked 
| 177|0x00000000eb100000, 0x00000000eb100000, 0x00000000eb200000|  0%| F|  |TAMS 0x00000000eb100000, 0x00000000eb100000| Untracked 
| 178|0x00000000eb200000, 0x00000000eb200000, 0x00000000eb300000|  0%| F|  |TAMS 0x00000000eb200000, 0x00000000eb200000| Untracked 
| 179|0x00000000eb300000, 0x00000000eb300000, 0x00000000eb400000|  0%| F|  |TAMS 0x00000000eb300000, 0x00000000eb300000| Untracked 
| 180|0x00000000eb400000, 0x00000000eb400000, 0x00000000eb500000|  0%| F|  |TAMS 0x00000000eb400000, 0x00000000eb400000| Untracked 
| 181|0x00000000eb500000, 0x00000000eb500000, 0x00000000eb600000|  0%| F|  |TAMS 0x00000000eb500000, 0x00000000eb500000| Untracked 
| 182|0x00000000eb600000, 0x00000000eb600000, 0x00000000eb700000|  0%| F|  |TAMS 0x00000000eb600000, 0x00000000eb600000| Untracked 
| 183|0x00000000eb700000, 0x00000000eb700000, 0x00000000eb800000|  0%| F|  |TAMS 0x00000000eb700000, 0x00000000eb700000| Untracked 
| 184|0x00000000eb800000, 0x00000000eb800000, 0x00000000eb900000|  0%| F|  |TAMS 0x00000000eb800000, 0x00000000eb800000| Untracked 
| 185|0x00000000eb900000, 0x00000000eb900000, 0x00000000eba00000|  0%| F|  |TAMS 0x00000000eb900000, 0x00000000eb900000| Untracked 
| 186|0x00000000eba00000, 0x00000000eba00000, 0x00000000ebb00000|  0%| F|  |TAMS 0x00000000eba00000, 0x00000000eba00000| Untracked 
| 187|0x00000000ebb00000, 0x00000000ebb00000, 0x00000000ebc00000|  0%| F|  |TAMS 0x00000000ebb00000, 0x00000000ebb00000| Untracked 
| 188|0x00000000ebc00000, 0x00000000ebc00000, 0x00000000ebd00000|  0%| F|  |TAMS 0x00000000ebc00000, 0x00000000ebc00000| Untracked 
| 189|0x00000000ebd00000, 0x00000000ebd00000, 0x00000000ebe00000|  0%| F|  |TAMS 0x00000000ebd00000, 0x00000000ebd00000| Untracked 
| 190|0x00000000ebe00000, 0x00000000ebe00000, 0x00000000ebf00000|  0%| F|  |TAMS 0x00000000ebe00000, 0x00000000ebe00000| Untracked 
| 191|0x00000000ebf00000, 0x00000000ebf00000, 0x00000000ec000000|  0%| F|  |TAMS 0x00000000ebf00000, 0x00000000ebf00000| Untracked 
| 192|0x00000000ec000000, 0x00000000ec000000, 0x00000000ec100000|  0%| F|  |TAMS 0x00000000ec000000, 0x00000000ec000000| Untracked 
| 193|0x00000000ec100000, 0x00000000ec100000, 0x00000000ec200000|  0%| F|  |TAMS 0x00000000ec100000, 0x00000000ec100000| Untracked 
| 194|0x00000000ec200000, 0x00000000ec200000, 0x00000000ec300000|  0%| F|  |TAMS 0x00000000ec200000, 0x00000000ec200000| Untracked 
| 195|0x00000000ec300000, 0x00000000ec300000, 0x00000000ec400000|  0%| F|  |TAMS 0x00000000ec300000, 0x00000000ec300000| Untracked 
| 196|0x00000000ec400000, 0x00000000ec400000, 0x00000000ec500000|  0%| F|  |TAMS 0x00000000ec400000, 0x00000000ec400000| Untracked 
| 197|0x00000000ec500000, 0x00000000ec500000, 0x00000000ec600000|  0%| F|  |TAMS 0x00000000ec500000, 0x00000000ec500000| Untracked 
| 198|0x00000000ec600000, 0x00000000ec600000, 0x00000000ec700000|  0%| F|  |TAMS 0x00000000ec600000, 0x00000000ec600000| Untracked 
| 199|0x00000000ec700000, 0x00000000ec700000, 0x00000000ec800000|  0%| F|  |TAMS 0x00000000ec700000, 0x00000000ec700000| Untracked 
| 200|0x00000000ec800000, 0x00000000ec800000, 0x00000000ec900000|  0%| F|  |TAMS 0x00000000ec800000, 0x00000000ec800000| Untracked 
| 201|0x00000000ec900000, 0x00000000ec900000, 0x00000000eca00000|  0%| F|  |TAMS 0x00000000ec900000, 0x00000000ec900000| Untracked 
| 202|0x00000000eca00000, 0x00000000eca00000, 0x00000000ecb00000|  0%| F|  |TAMS 0x00000000eca00000, 0x00000000eca00000| Untracked 
| 203|0x00000000ecb00000, 0x00000000ecb00000, 0x00000000ecc00000|  0%| F|  |TAMS 0x00000000ecb00000, 0x00000000ecb00000| Untracked 
| 204|0x00000000ecc00000, 0x00000000ecc00000, 0x00000000ecd00000|  0%| F|  |TAMS 0x00000000ecc00000, 0x00000000ecc00000| Untracked 
| 205|0x00000000ecd00000, 0x00000000ecd00000, 0x00000000ece00000|  0%| F|  |TAMS 0x00000000ecd00000, 0x00000000ecd00000| Untracked 
| 206|0x00000000ece00000, 0x00000000ece00000, 0x00000000ecf00000|  0%| F|  |TAMS 0x00000000ece00000, 0x00000000ece00000| Untracked 
| 207|0x00000000ecf00000, 0x00000000ecf00000, 0x00000000ed000000|  0%| F|  |TAMS 0x00000000ecf00000, 0x00000000ecf00000| Untracked 
| 208|0x00000000ed000000, 0x00000000ed000000, 0x00000000ed100000|  0%| F|  |TAMS 0x00000000ed000000, 0x00000000ed000000| Untracked 
| 209|0x00000000ed100000, 0x00000000ed100000, 0x00000000ed200000|  0%| F|  |TAMS 0x00000000ed100000, 0x00000000ed100000| Untracked 
| 210|0x00000000ed200000, 0x00000000ed200000, 0x00000000ed300000|  0%| F|  |TAMS 0x00000000ed200000, 0x00000000ed200000| Untracked 
| 211|0x00000000ed300000, 0x00000000ed300000, 0x00000000ed400000|  0%| F|  |TAMS 0x00000000ed300000, 0x00000000ed300000| Untracked 
| 212|0x00000000ed400000, 0x00000000ed400000, 0x00000000ed500000|  0%| F|  |TAMS 0x00000000ed400000, 0x00000000ed400000| Untracked 
| 213|0x00000000ed500000, 0x00000000ed500000, 0x00000000ed600000|  0%| F|  |TAMS 0x00000000ed500000, 0x00000000ed500000| Untracked 
| 214|0x00000000ed600000, 0x00000000ed600000, 0x00000000ed700000|  0%| F|  |TAMS 0x00000000ed600000, 0x00000000ed600000| Untracked 
| 215|0x00000000ed700000, 0x00000000ed700000, 0x00000000ed800000|  0%| F|  |TAMS 0x00000000ed700000, 0x00000000ed700000| Untracked 
| 216|0x00000000ed800000, 0x00000000ed880800, 0x00000000ed900000| 50%| E|  |TAMS 0x00000000ed800000, 0x00000000ed800000| Complete 
| 217|0x00000000ed900000, 0x00000000eda00000, 0x00000000eda00000|100%| E|CS|TAMS 0x00000000ed900000, 0x00000000ed900000| Complete 
| 218|0x00000000eda00000, 0x00000000edb00000, 0x00000000edb00000|100%| E|CS|TAMS 0x00000000eda00000, 0x00000000eda00000| Complete 
| 219|0x00000000edb00000, 0x00000000edc00000, 0x00000000edc00000|100%| E|CS|TAMS 0x00000000edb00000, 0x00000000edb00000| Complete 
| 220|0x00000000edc00000, 0x00000000edd00000, 0x00000000edd00000|100%| E|CS|TAMS 0x00000000edc00000, 0x00000000edc00000| Complete 
| 221|0x00000000edd00000, 0x00000000ede00000, 0x00000000ede00000|100%| E|CS|TAMS 0x00000000edd00000, 0x00000000edd00000| Complete 
| 222|0x00000000ede00000, 0x00000000edf00000, 0x00000000edf00000|100%| E|CS|TAMS 0x00000000ede00000, 0x00000000ede00000| Complete 
| 223|0x00000000edf00000, 0x00000000ee000000, 0x00000000ee000000|100%| E|CS|TAMS 0x00000000edf00000, 0x00000000edf00000| Complete 
| 224|0x00000000ee000000, 0x00000000ee100000, 0x00000000ee100000|100%| E|CS|TAMS 0x00000000ee000000, 0x00000000ee000000| Complete 
| 225|0x00000000ee100000, 0x00000000ee200000, 0x00000000ee200000|100%| E|CS|TAMS 0x00000000ee100000, 0x00000000ee100000| Complete 
| 226|0x00000000ee200000, 0x00000000ee300000, 0x00000000ee300000|100%| E|CS|TAMS 0x00000000ee200000, 0x00000000ee200000| Complete 
| 227|0x00000000ee300000, 0x00000000ee400000, 0x00000000ee400000|100%| S|CS|TAMS 0x00000000ee300000, 0x00000000ee300000| Complete 
| 228|0x00000000ee400000, 0x00000000ee500000, 0x00000000ee500000|100%| S|CS|TAMS 0x00000000ee400000, 0x00000000ee400000| Complete 
| 229|0x00000000ee500000, 0x00000000ee600000, 0x00000000ee600000|100%| S|CS|TAMS 0x00000000ee500000, 0x00000000ee500000| Complete 
| 230|0x00000000ee600000, 0x00000000ee700000, 0x00000000ee700000|100%| E|CS|TAMS 0x00000000ee600000, 0x00000000ee600000| Complete 
| 231|0x00000000ee700000, 0x00000000ee800000, 0x00000000ee800000|100%| E|CS|TAMS 0x00000000ee700000, 0x00000000ee700000| Complete 
| 232|0x00000000ee800000, 0x00000000ee900000, 0x00000000ee900000|100%| E|CS|TAMS 0x00000000ee800000, 0x00000000ee800000| Complete 
| 233|0x00000000ee900000, 0x00000000eea00000, 0x00000000eea00000|100%| E|CS|TAMS 0x00000000ee900000, 0x00000000ee900000| Complete 
| 234|0x00000000eea00000, 0x00000000eeb00000, 0x00000000eeb00000|100%| E|CS|TAMS 0x00000000eea00000, 0x00000000eea00000| Complete 
| 235|0x00000000eeb00000, 0x00000000eec00000, 0x00000000eec00000|100%| E|CS|TAMS 0x00000000eeb00000, 0x00000000eeb00000| Complete 
| 236|0x00000000eec00000, 0x00000000eed00000, 0x00000000eed00000|100%| E|CS|TAMS 0x00000000eec00000, 0x00000000eec00000| Complete 
| 237|0x00000000eed00000, 0x00000000eee00000, 0x00000000eee00000|100%| E|CS|TAMS 0x00000000eed00000, 0x00000000eed00000| Complete 
| 238|0x00000000eee00000, 0x00000000eef00000, 0x00000000eef00000|100%| E|CS|TAMS 0x00000000eee00000, 0x00000000eee00000| Complete 
| 239|0x00000000eef00000, 0x00000000ef000000, 0x00000000ef000000|100%| E|CS|TAMS 0x00000000eef00000, 0x00000000eef00000| Complete 
| 240|0x00000000ef000000, 0x00000000ef100000, 0x00000000ef100000|100%| E|CS|TAMS 0x00000000ef000000, 0x00000000ef000000| Complete 
| 241|0x00000000ef100000, 0x00000000ef200000, 0x00000000ef200000|100%| E|CS|TAMS 0x00000000ef100000, 0x00000000ef100000| Complete 
| 242|0x00000000ef200000, 0x00000000ef300000, 0x00000000ef300000|100%| E|CS|TAMS 0x00000000ef200000, 0x00000000ef200000| Complete 
| 243|0x00000000ef300000, 0x00000000ef400000, 0x00000000ef400000|100%| E|CS|TAMS 0x00000000ef300000, 0x00000000ef300000| Complete 
| 244|0x00000000ef400000, 0x00000000ef500000, 0x00000000ef500000|100%| E|CS|TAMS 0x00000000ef400000, 0x00000000ef400000| Complete 
| 245|0x00000000ef500000, 0x00000000ef600000, 0x00000000ef600000|100%| E|CS|TAMS 0x00000000ef500000, 0x00000000ef500000| Complete 
| 246|0x00000000ef600000, 0x00000000ef700000, 0x00000000ef700000|100%| E|CS|TAMS 0x00000000ef600000, 0x00000000ef600000| Complete 
| 247|0x00000000ef700000, 0x00000000ef800000, 0x00000000ef800000|100%| E|CS|TAMS 0x00000000ef700000, 0x00000000ef700000| Complete 
| 248|0x00000000ef800000, 0x00000000ef900000, 0x00000000ef900000|100%| E|CS|TAMS 0x00000000ef800000, 0x00000000ef800000| Complete 
| 249|0x00000000ef900000, 0x00000000efa00000, 0x00000000efa00000|100%| E|CS|TAMS 0x00000000ef900000, 0x00000000ef900000| Complete 
| 250|0x00000000efa00000, 0x00000000efb00000, 0x00000000efb00000|100%| E|CS|TAMS 0x00000000efa00000, 0x00000000efa00000| Complete 
| 251|0x00000000efb00000, 0x00000000efc00000, 0x00000000efc00000|100%| E|CS|TAMS 0x00000000efb00000, 0x00000000efb00000| Complete 
| 252|0x00000000efc00000, 0x00000000efd00000, 0x00000000efd00000|100%| E|CS|TAMS 0x00000000efc00000, 0x00000000efc00000| Complete 
| 253|0x00000000efd00000, 0x00000000efe00000, 0x00000000efe00000|100%| E|CS|TAMS 0x00000000efd00000, 0x00000000efd00000| Complete 

Card table byte_map: [0x0000024c37d00000,0x0000024c37e00000] _byte_map_base: 0x0000024c37600000

Marking Bits (Prev, Next): (CMBitMap*) 0x0000024c1fc32ba8, (CMBitMap*) 0x0000024c1fc32be0
 Prev Bits: [0x0000024c37f00000, 0x0000024c38700000)
 Next Bits: [0x0000024c38700000, 0x0000024c38f00000)

Polling page: 0x0000024c1da30000

Metaspace:

Usage:
  Non-class:     15.43 MB capacity,    15.17 MB ( 98%) used,   244.38 KB (  2%) free+waste,    25.44 KB ( <1%) overhead. 
      Class:      1.77 MB capacity,     1.66 MB ( 94%) used,   102.27 KB (  6%) free+waste,    11.25 KB ( <1%) overhead. 
       Both:     17.20 MB capacity,    16.83 MB ( 98%) used,   346.65 KB (  2%) free+waste,    36.69 KB ( <1%) overhead. 

Virtual space:
  Non-class space:       16.00 MB reserved,      15.50 MB ( 97%) committed 
      Class space:        1.00 GB reserved,       1.88 MB ( <1%) committed 
             Both:        1.02 GB reserved,      17.38 MB (  2%) committed 

Chunk freelists:
   Non-Class:  8.00 KB
       Class:  7.00 KB
        Both:  15.00 KB

MaxMetaspaceSize: 17179869184.00 GB
CompressedClassSpaceSize: 1.00 GB
Initial GC threshold: 20.80 MB
Current GC threshold: 20.80 MB
CDS: off

CodeHeap 'non-profiled nmethods': size=119168Kb used=577Kb max_used=577Kb free=118590Kb
 bounds [0x0000024c2ff20000, 0x0000024c30190000, 0x0000024c37380000]
CodeHeap 'profiled nmethods': size=119168Kb used=3192Kb max_used=3192Kb free=115975Kb
 bounds [0x0000024c28ac0000, 0x0000024c28de0000, 0x0000024c2ff20000]
CodeHeap 'non-nmethods': size=7424Kb used=2858Kb max_used=2861Kb free=4565Kb
 bounds [0x0000024c28380000, 0x0000024c28650000, 0x0000024c28ac0000]
 total_blobs=1971 nmethods=1547 adapters=334
 compilation: enabled
              stopped_count=0, restarted_count=0
 full_count=0

Compilation events (20 events):
Event: 0.539 Thread 0x0000024c3ca2c800 1515       3       jdk.internal.reflect.ClassFileAssembler::emitConstantPoolMethodref (28 bytes)
Event: 0.539 Thread 0x0000024c3ca39800 nmethod 1513 0x0000024c2ffaee90 code [0x0000024c2ffaf020, 0x0000024c2ffaf078]
Event: 0.539 Thread 0x0000024c3ca2c800 nmethod 1515 0x0000024c28dbd290 code [0x0000024c28dbd4e0, 0x0000024c28dbdb68]
Event: 0.539 Thread 0x0000024c3c780800 1516       1       java.lang.reflect.Field::getModifiers (5 bytes)
Event: 0.539 Thread 0x0000024c3c780800 nmethod 1516 0x0000024c2ffaf190 code [0x0000024c2ffaf340, 0x0000024c2ffaf3f8]
Event: 0.539 Thread 0x0000024c3ca2c800 1517       3       jdk.internal.reflect.ClassFileAssembler::emitConstantPoolNameAndType (28 bytes)
Event: 0.539 Thread 0x0000024c3ca2c800 nmethod 1517 0x0000024c28dbdf10 code [0x0000024c28dbe160, 0x0000024c28dbe7e8]
Event: 0.539 Thread 0x0000024c3c780800 1519       3       java.util.Arrays::hashCode (56 bytes)
Event: 0.540 Thread 0x0000024c3ca38800 1520       3       java.util.ArrayList::isEmpty (13 bytes)
Event: 0.540 Thread 0x0000024c3c780800 nmethod 1519 0x0000024c28dbeb90 code [0x0000024c28dbed60, 0x0000024c28dbf088]
Event: 0.540 Thread 0x0000024c3ca38800 nmethod 1520 0x0000024c28dbf210 code [0x0000024c28dbf3c0, 0x0000024c28dbf518]
Event: 0.541 Thread 0x0000024c3ca3c800 1521       3       org.aspectj.weaver.loadtime.Aj$AdaptorKey::equals (56 bytes)
Event: 0.541 Thread 0x0000024c3ca3c800 nmethod 1521 0x0000024c28dbf590 code [0x0000024c28dbf760, 0x0000024c28dbfba8]
Event: 0.541 Thread 0x0000024c3ca2c800 1522       3       worker.org.gradle.internal.classloader.FilteringClassLoader$TrieSet::contains (11 bytes)
Event: 0.541 Thread 0x0000024c3c780800 1523   !   3       java.net.URLClassLoader::findClass (47 bytes)
Event: 0.541 Thread 0x0000024c3ca38800 1524       3       java.net.URLClassLoader$1::<init> (15 bytes)
Event: 0.541 Thread 0x0000024c3ca3c800 1525       3       java.net.URLClassLoader$1::run (5 bytes)
Event: 0.541 Thread 0x0000024c3ca2c800 nmethod 1522 0x0000024c28dbfc90 code [0x0000024c28dbfe40, 0x0000024c28dc0008]
Event: 0.541 Thread 0x0000024c3ca2c800 1526   !   3       java.net.URLClassLoader$1::run (81 bytes)
Event: 0.541 Thread 0x0000024c3ca38800 nmethod 1524 0x0000024c28dc0110 code [0x0000024c28dc02c0, 0x0000024c28dc04d8]

GC Heap History (2 events):
Event: 0.303 GC heap before
{Heap before GC invocations=0 (full 0):
 garbage-first heap   total 260096K, used 23552K [0x00000000e0000000, 0x0000000100000000)
  region size 1024K, 24 young (24576K), 0 survivors (0K)
 Metaspace       used 10280K, capacity 10446K, committed 10496K, reserved 1058816K
  class space    used 932K, capacity 993K, committed 1024K, reserved 1048576K
}
Event: 0.306 GC heap after
{Heap after GC invocations=1 (full 0):
 garbage-first heap   total 260096K, used 6340K [0x00000000e0000000, 0x0000000100000000)
  region size 1024K, 3 young (3072K), 3 survivors (3072K)
 Metaspace       used 10280K, capacity 10446K, committed 10496K, reserved 1058816K
  class space    used 932K, capacity 993K, committed 1024K, reserved 1048576K
}

Deoptimization events (20 events):
Event: 0.509 Thread 0x0000024c1fc09000 Uncommon trap: trap_request=0xffffffc6 fr.pc=0x0000024c2ff78ad4 relative=0x0000000000000754
Event: 0.509 Thread 0x0000024c1fc09000 Uncommon trap: reason=bimorphic_or_optimized_type_check action=maybe_recompile pc=0x0000024c2ff78ad4 method=java.util.concurrent.ConcurrentHashMap.get(Ljava/lang/Object;)Ljava/lang/Object; @ 149 c2
Event: 0.509 Thread 0x0000024c1fc09000 DEOPT PACKING pc=0x0000024c2ff78ad4 sp=0x0000008c75cfe7b0
Event: 0.509 Thread 0x0000024c1fc09000 DEOPT UNPACKING pc=0x0000024c283885af sp=0x0000008c75cfe740 mode 2
Event: 0.517 Thread 0x0000024c1fc09000 Uncommon trap: trap_request=0xffffff4d fr.pc=0x0000024c2ff22828 relative=0x00000000000001e8
Event: 0.517 Thread 0x0000024c1fc09000 Uncommon trap: reason=unstable_if action=reinterpret pc=0x0000024c2ff22828 method=java.lang.StringLatin1.canEncode(I)Z @ 4 c2
Event: 0.517 Thread 0x0000024c1fc09000 DEOPT PACKING pc=0x0000024c2ff22828 sp=0x0000008c75cff040
Event: 0.517 Thread 0x0000024c1fc09000 DEOPT UNPACKING pc=0x0000024c283885af sp=0x0000008c75cfef58 mode 2
Event: 0.517 Thread 0x0000024c1fc09000 Uncommon trap: trap_request=0xffffff4d fr.pc=0x0000024c2ff22e7c relative=0x00000000000001bc
Event: 0.517 Thread 0x0000024c1fc09000 Uncommon trap: reason=unstable_if action=reinterpret pc=0x0000024c2ff22e7c method=java.lang.AbstractStringBuilder.isLatin1()Z @ 10 c2
Event: 0.517 Thread 0x0000024c1fc09000 DEOPT PACKING pc=0x0000024c2ff22e7c sp=0x0000008c75cfeff0
Event: 0.517 Thread 0x0000024c1fc09000 DEOPT UNPACKING pc=0x0000024c283885af sp=0x0000008c75cfef60 mode 2
Event: 0.517 Thread 0x0000024c1fc09000 Uncommon trap: trap_request=0xffffff4d fr.pc=0x0000024c2ff35d78 relative=0x0000000000000058
Event: 0.517 Thread 0x0000024c1fc09000 Uncommon trap: reason=unstable_if action=reinterpret pc=0x0000024c2ff35d78 method=java.lang.AbstractStringBuilder.isLatin1()Z @ 10 c2
Event: 0.517 Thread 0x0000024c1fc09000 DEOPT PACKING pc=0x0000024c2ff35d78 sp=0x0000008c75cfefc0
Event: 0.517 Thread 0x0000024c1fc09000 DEOPT UNPACKING pc=0x0000024c283885af sp=0x0000008c75cfef50 mode 2
Event: 0.518 Thread 0x0000024c1fc09000 Uncommon trap: trap_request=0xffffff4d fr.pc=0x0000024c2ff21890 relative=0x0000000000000070
Event: 0.518 Thread 0x0000024c1fc09000 Uncommon trap: reason=unstable_if action=reinterpret pc=0x0000024c2ff21890 method=java.lang.String.isLatin1()Z @ 10 c2
Event: 0.518 Thread 0x0000024c1fc09000 DEOPT PACKING pc=0x0000024c2ff21890 sp=0x0000008c75cfed80
Event: 0.518 Thread 0x0000024c1fc09000 DEOPT UNPACKING pc=0x0000024c283885af sp=0x0000008c75cfecc0 mode 2

Classes redefined (0 events):
No events

Internal exceptions (20 events):
Event: 0.376 Thread 0x0000024c1fc09000 Exception <a 'java/lang/ArrayIndexOutOfBoundsException'{0x00000000eee25828}> (0x00000000eee25828) thrown at [./src/hotspot/share/runtime/sharedRuntime.cpp, line 606]
Event: 0.376 Thread 0x0000024c1fc09000 Exception <a 'java/lang/ArrayIndexOutOfBoundsException'{0x00000000eee25df0}: Index 5 out of bounds for length 5> (0x00000000eee25df0) thrown at [./src/hotspot/share/interpreter/interpreterRuntime.cpp, line 444]
Event: 0.376 Thread 0x0000024c1fc09000 Exception <a 'java/lang/ArrayIndexOutOfBoundsException'{0x00000000eee275f0}> (0x00000000eee275f0) thrown at [./src/hotspot/share/runtime/sharedRuntime.cpp, line 606]
Event: 0.376 Thread 0x0000024c1fc09000 Exception <a 'java/lang/ArrayIndexOutOfBoundsException'{0x00000000eee27bb8}> (0x00000000eee27bb8) thrown at [./src/hotspot/share/runtime/sharedRuntime.cpp, line 606]
Event: 0.376 Thread 0x0000024c1fc09000 Exception <a 'java/lang/ArrayIndexOutOfBoundsException'{0x00000000eee28180}: Index 11 out of bounds for length 11> (0x00000000eee28180) thrown at [./src/hotspot/share/interpreter/interpreterRuntime.cpp, line 444]
Event: 0.377 Thread 0x0000024c1fc09000 Exception <a 'java/lang/ArrayIndexOutOfBoundsException'{0x00000000eee2e960}> (0x00000000eee2e960) thrown at [./src/hotspot/share/runtime/sharedRuntime.cpp, line 606]
Event: 0.377 Thread 0x0000024c1fc09000 Exception <a 'java/lang/ArrayIndexOutOfBoundsException'{0x00000000eee2ef28}> (0x00000000eee2ef28) thrown at [./src/hotspot/share/runtime/sharedRuntime.cpp, line 606]
Event: 0.377 Thread 0x0000024c1fc09000 Exception <a 'java/lang/ArrayIndexOutOfBoundsException'{0x00000000eee2f4f0}: Index 8 out of bounds for length 8> (0x00000000eee2f4f0) thrown at [./src/hotspot/share/interpreter/interpreterRuntime.cpp, line 444]
Event: 0.377 Thread 0x0000024c1fc09000 Exception <a 'java/lang/ArrayIndexOutOfBoundsException'{0x00000000eee3faf8}> (0x00000000eee3faf8) thrown at [./src/hotspot/share/runtime/sharedRuntime.cpp, line 606]
Event: 0.377 Thread 0x0000024c1fc09000 Exception <a 'java/lang/ArrayIndexOutOfBoundsException'{0x00000000eee400c0}> (0x00000000eee400c0) thrown at [./src/hotspot/share/runtime/sharedRuntime.cpp, line 606]
Event: 0.377 Thread 0x0000024c1fc09000 Exception <a 'java/lang/ArrayIndexOutOfBoundsException'{0x00000000eee40688}: Index 8 out of bounds for length 8> (0x00000000eee40688) thrown at [./src/hotspot/share/interpreter/interpreterRuntime.cpp, line 444]
Event: 0.377 Thread 0x0000024c1fc09000 Exception <a 'java/lang/ArrayIndexOutOfBoundsException'{0x00000000eee44a88}> (0x00000000eee44a88) thrown at [./src/hotspot/share/runtime/sharedRuntime.cpp, line 606]
Event: 0.377 Thread 0x0000024c1fc09000 Exception <a 'java/lang/ArrayIndexOutOfBoundsException'{0x00000000eee45050}> (0x00000000eee45050) thrown at [./src/hotspot/share/runtime/sharedRuntime.cpp, line 606]
Event: 0.377 Thread 0x0000024c1fc09000 Exception <a 'java/lang/ArrayIndexOutOfBoundsException'{0x00000000eee45618}: Index 8 out of bounds for length 8> (0x00000000eee45618) thrown at [./src/hotspot/share/interpreter/interpreterRuntime.cpp, line 444]
Event: 0.485 Thread 0x0000024c1fc09000 Exception <a 'java/lang/NoSuchMethodError'{0x00000000edea76a0}: 'java.lang.Object java.lang.invoke.DirectMethodHandle$Holder.invokeVirtual(java.lang.Object, java.lang.Object, java.lang.Object, java.lang.Object, java.lang.Object, java.lang.Object, java.lang.Object)'> (0x00000000edea76a0) thrown at [./src/hotspot/share/interpreter/linkResolver.cpp, line 773]
Event: 0.486 Thread 0x0000024c1fc09000 Exception <a 'java/lang/NoSuchMethodError'{0x00000000edebc358}: 'java.lang.Object java.lang.invoke.Invokers$Holder.invoker(java.lang.Object, java.lang.Object, java.lang.Object)'> (0x00000000edebc358) thrown at [./src/hotspot/share/interpreter/linkResolver.cpp, line 773]
Event: 0.488 Thread 0x0000024c1fc09000 Exception <a 'java/lang/NoSuchMethodError'{0x00000000eded0f08}: 'void java.lang.invoke.DelegatingMethodHandle$Holder.delegate(java.lang.Object, java.lang.Object, int, java.lang.Object)'> (0x00000000eded0f08) thrown at [./src/hotspot/share/interpreter/linkResolver.cpp, line 773]
Event: 0.533 Thread 0x0000024c1fc09000 Exception <a 'java/lang/NoSuchMethodError'{0x00000000edbd2630}: <clinit>> (0x00000000edbd2630) thrown at [./src/hotspot/share/prims/jni.cpp, line 1367]
Event: 0.534 Thread 0x0000024c1fc09000 Exception <a 'java/lang/NoSuchMethodError'{0x00000000edbdd3b8}: <clinit>> (0x00000000edbdd3b8) thrown at [./src/hotspot/share/prims/jni.cpp, line 1367]
Event: 0.534 Thread 0x0000024c1fc09000 Exception <a 'java/lang/NoSuchMethodError'{0x00000000edbe8a08}: <clinit>> (0x00000000edbe8a08) thrown at [./src/hotspot/share/prims/jni.cpp, line 1367]

Events (20 events):
Event: 0.540 loading class org/gradle/internal/remote/internal/ConnectCompletion
Event: 0.540 loading class org/gradle/internal/remote/internal/ConnectCompletion done
Event: 0.540 loading class java/net/SocketAddress
Event: 0.540 loading class java/net/SocketAddress done
Event: 0.540 loading class java/net/InetSocketAddress
Event: 0.540 loading class java/net/InetSocketAddress done
Event: 0.540 loading class java/net/ConnectException
Event: 0.540 loading class java/net/ConnectException done
Event: 0.540 loading class org/gradle/internal/remote/internal/hub/MessageHubBackedClient
Event: 0.540 loading class org/gradle/internal/remote/internal/hub/MessageHubBackedClient done
Event: 0.540 loading class org/gradle/internal/remote/ObjectConnection
Event: 0.540 loading class org/gradle/internal/remote/ObjectConnection done
Event: 0.541 loading class org/gradle/internal/remote/ObjectConnectionBuilder
Event: 0.541 loading class org/gradle/internal/remote/ObjectConnectionBuilder done
Event: 0.541 loading class org/gradle/internal/remote/internal/hub/MessageHubBackedObjectConnection
Event: 0.541 loading class org/gradle/internal/remote/internal/hub/MessageHubBackedObjectConnection done
Event: 0.541 loading class org/gradle/internal/classloader/MultiParentClassLoader
Event: 0.541 loading class org/gradle/internal/classloader/MultiParentClassLoader done
Event: 0.541 loading class org/gradle/internal/classloader/ClassLoaderHierarchy
Event: 0.541 loading class org/gradle/internal/classloader/ClassLoaderHierarchy done


Dynamic libraries:
0x00007ff726530000 - 0x00007ff72653d000 	C:\Users\gvynh\.jdks\corretto-11.0.17\bin\java.exe
0x00007ffc42690000 - 0x00007ffc42886000 	C:\Windows\SYSTEM32\ntdll.dll
0x00007ffc407b0000 - 0x00007ffc4086d000 	C:\Windows\System32\KERNEL32.DLL
0x00007ffc40080000 - 0x00007ffc40348000 	C:\Windows\System32\KERNELBASE.dll
0x00007ffc40520000 - 0x00007ffc40620000 	C:\Windows\System32\ucrtbase.dll
0x00007ffc3bc80000 - 0x00007ffc3bc99000 	C:\Users\gvynh\.jdks\corretto-11.0.17\bin\VCRUNTIME140.dll
0x00007ffc3c5a0000 - 0x00007ffc3c5b7000 	C:\Users\gvynh\.jdks\corretto-11.0.17\bin\jli.dll
0x00007ffc40be0000 - 0x00007ffc40d80000 	C:\Windows\System32\USER32.dll
0x00007ffc40050000 - 0x00007ffc40072000 	C:\Windows\System32\win32u.dll
0x00007ffc34a50000 - 0x00007ffc34ceb000 	C:\Windows\WinSxS\amd64_microsoft.windows.common-controls_6595b64144ccf1df_6.0.19041.488_none_ca04af081b815d21\COMCTL32.dll
0x00007ffc41ad0000 - 0x00007ffc41afa000 	C:\Windows\System32\GDI32.dll
0x00007ffc41a20000 - 0x00007ffc41abe000 	C:\Windows\System32\msvcrt.dll
0x00007ffc3ff40000 - 0x00007ffc40049000 	C:\Windows\System32\gdi32full.dll
0x00007ffc403d0000 - 0x00007ffc4046d000 	C:\Windows\System32\msvcp_win.dll
0x00007ffc40bb0000 - 0x00007ffc40be0000 	C:\Windows\System32\IMM32.DLL
0x00007ffbf1a70000 - 0x00007ffbf1b0b000 	C:\Users\gvynh\.jdks\corretto-11.0.17\bin\msvcp140.dll
0x00007ffbea540000 - 0x00007ffbeb0c5000 	C:\Users\gvynh\.jdks\corretto-11.0.17\bin\server\jvm.dll
0x00007ffc40700000 - 0x00007ffc407aa000 	C:\Windows\System32\ADVAPI32.dll
0x00007ffc41b70000 - 0x00007ffc41c0b000 	C:\Windows\System32\sechost.dll
0x00007ffc424c0000 - 0x00007ffc425e4000 	C:\Windows\System32\RPCRT4.dll
0x00007ffc41ac0000 - 0x00007ffc41ac8000 	C:\Windows\System32\PSAPI.DLL
0x00007ffc36cc0000 - 0x00007ffc36ce7000 	C:\Windows\SYSTEM32\WINMM.dll
0x00007ffc2b890000 - 0x00007ffc2b899000 	C:\Windows\SYSTEM32\WSOCK32.dll
0x00007ffc3a2f0000 - 0x00007ffc3a2fa000 	C:\Windows\SYSTEM32\VERSION.dll
0x00007ffc41650000 - 0x00007ffc416bb000 	C:\Windows\System32\WS2_32.dll
0x00007ffc3dd10000 - 0x00007ffc3dd22000 	C:\Windows\SYSTEM32\kernel.appcore.dll
0x00007ffc3bc70000 - 0x00007ffc3bc80000 	C:\Users\gvynh\.jdks\corretto-11.0.17\bin\verify.dll
0x00007ffc355e0000 - 0x00007ffc357c4000 	C:\Windows\SYSTEM32\DBGHELP.DLL
0x00007ffc2b820000 - 0x00007ffc2b84c000 	C:\Windows\SYSTEM32\dbgcore.DLL
0x00007ffc40350000 - 0x00007ffc403cf000 	C:\Windows\System32\bcryptPrimitives.dll
0x00007ffc3bbd0000 - 0x00007ffc3bbf8000 	C:\Users\gvynh\.jdks\corretto-11.0.17\bin\java.dll
0x00007ffc36d20000 - 0x00007ffc36d2a000 	C:\Users\gvynh\.jdks\corretto-11.0.17\bin\jimage.dll
0x00007ffc3bbc0000 - 0x00007ffc3bbce000 	C:\Users\gvynh\.jdks\corretto-11.0.17\bin\instrument.dll
0x00007ffc36d00000 - 0x00007ffc36d18000 	C:\Users\gvynh\.jdks\corretto-11.0.17\bin\zip.dll
0x00007ffc40d80000 - 0x00007ffc414c0000 	C:\Windows\System32\SHELL32.dll
0x00007ffc3df10000 - 0x00007ffc3e6a4000 	C:\Windows\SYSTEM32\windows.storage.dll
0x00007ffc416c0000 - 0x00007ffc41a15000 	C:\Windows\System32\combase.dll
0x00007ffc3f780000 - 0x00007ffc3f7ac000 	C:\Windows\SYSTEM32\Wldp.dll
0x00007ffc40870000 - 0x00007ffc4091e000 	C:\Windows\System32\SHCORE.dll
0x00007ffc425f0000 - 0x00007ffc42645000 	C:\Windows\System32\shlwapi.dll
0x00007ffc3fd10000 - 0x00007ffc3fd36000 	C:\Windows\SYSTEM32\profapi.dll
0x00007ffc2ee40000 - 0x00007ffc2ee59000 	C:\Users\gvynh\.jdks\corretto-11.0.17\bin\net.dll
0x00007ffc38cb0000 - 0x00007ffc38db0000 	C:\Windows\SYSTEM32\WINHTTP.dll
0x00007ffc3f570000 - 0x00007ffc3f5da000 	C:\Windows\system32\mswsock.dll
0x00007ffc2ee20000 - 0x00007ffc2ee33000 	C:\Users\gvynh\.jdks\corretto-11.0.17\bin\nio.dll

dbghelp: loaded successfully - version: 4.0.5 - missing functions: none
symbol engine: initialized successfully - sym options: 0x614 - pdb path: .;C:\Users\gvynh\.jdks\corretto-11.0.17\bin;C:\Windows\SYSTEM32;C:\Windows\WinSxS\amd64_microsoft.windows.common-controls_6595b64144ccf1df_6.0.19041.488_none_ca04af081b815d21;C:\Users\gvynh\.jdks\corretto-11.0.17\bin\server

VM Arguments:
jvm_args: -Dallure.results.directory=E:\NTLG_Testing_Automation\HW_Card-Delivery-with-Patterns\build\allure-results -Djunit.jupiter.extensions.autodetection.enabled=true -Dorg.gradle.internal.worker.tmpdir=E:\NTLG_Testing_Automation\HW_Card-Delivery-with-Patterns\build\tmp\test\work -Dorg.gradle.native=false -Dselenide.headless -javaagent:C:\Users\gvynh\.gradle\caches\modules-2\files-2.1\org.aspectj\aspectjweaver\1.9.9.1\dcd2703279a94ad909fa3f3d08671cb0f2dabf7\aspectjweaver-1.9.9.1.jar --add-opens=java.base/java.util=ALL-UNNAMED --add-opens=java.base/java.lang=ALL-UNNAMED -Xmx512m -Dfile.encoding=windows-1251 -Duser.country=RU -Duser.language=ru -Duser.variant -ea 
java_command: worker.org.gradle.process.internal.worker.GradleWorkerMain 'Gradle Test Executor 3'
java_class_path (initial): C:\\Users\\gvynh\\.gradle\\caches\\7.4\\workerMain\\gradle-worker.jar;E:\\NTLG_Testing_Automation\\HW_Card-Delivery-with-Patterns\\build\\classes\\java\\test;E:\\NTLG_Testing_Automation\\HW_Card-Delivery-with-Patterns\\build\\resources\\test;E:\\NTLG_Testing_Automation\\HW_Card-Delivery-with-Patterns\\build\\resources\\main;C:\\Users\\gvynh\\.gradle\\caches\\modules-2\\files-2.1\\org.projectlombok\\lombok\\1.18.24\\13a394eed5c4f9efb2a6d956e2086f1d81e857d9\\lombok-1.18.24.jar;C:\\Users\\gvynh\\.gradle\\caches\\modules-2\\files-2.1\\com.github.javafaker\\javafaker\\1.0.2\\be0ff271b1208416822db4438864df47f90af92f\\javafaker-1.0.2.jar;C:\\Users\\gvynh\\.gradle\\caches\\modules-2\\files-2.1\\com.epam.reportportal\\agent-java-junit5\\5.1.7\\bbb6b7e28c1c7d353181d02a030862c11b164c64\\agent-java-junit5-5.1.7.jar;C:\\Users\\gvynh\\.gradle\\caches\\modules-2\\files-2.1\\org.junit.jupiter\\junit-jupiter-engine\\5.9.1\\1bf771097bde296c3ab174861954e8aafaaf2e94\\junit-jupiter-engine-5.9.1.jar;C:\\Users\\gvynh\\.gradle\\caches\\modules-2\\files-2.1\\io.qameta.allure\\allure-junit5\\2.20.1\\4dd0476b2b3faf26719200407a2ecfd0cd3b4de9\\allure-junit5-2.20.1.jar;C:\\Users\\gvynh\\.gradle\\caches\\modules-2\\files-2.1\\io.qameta.allure\\allure-junit-platform\\2.20.1\\eed7d32afe119e7897123e4183921e311dae509f\\allure-junit-platform-2.20.1.jar;C:\\Users\\gvynh\\.gradle\\caches\\modules-2\\files-2.1\\org.junit.platform\\junit-platform-launcher\\1.9.1\\b4534f5130dcfb10e8ac41a5fba6ec656c9ede06\\junit-platform-launcher-1.9.1.jar;C:\\Users\\gvynh\\.gradle\\caches\\modules-2\\files-2.1\\org.junit.platform\\junit-platform-engine\\1.9.1\\83591e5089d6cea5f324aa3ecca9b19d5a275803\\junit-platform-engine-1.9.1.jar;C:\\Users\\gvynh\\.gradle\\caches\\modules-2\\files-2.1\\org.junit.platform\\junit-platform-commons\\1.9.1\\3145f821b5cd10abcdc5f925baa5fffa6f1b628f\\junit-platform-commons-1.9.1.jar;C:\\Users\\gvynh\\.gradle\\caches\\modules-2\\files-2.1\\org.junit.jupiter\\junit-j
Launcher Type: SUN_STANDARD

[Global flags]
     intx CICompilerCount                          = 12                                        {product} {ergonomic}
     uint ConcGCThreads                            = 3                                         {product} {ergonomic}
     uint G1ConcRefinementThreads                  = 13                                        {product} {ergonomic}
   size_t G1HeapRegionSize                         = 1048576                                   {product} {ergonomic}
    uintx GCDrainStackTargetSize                   = 64                                        {product} {ergonomic}
   size_t InitialHeapSize                          = 266338304                                 {product} {ergonomic}
   size_t MarkStackSize                            = 4194304                                   {product} {ergonomic}
   size_t MaxHeapSize                              = 536870912                                 {product} {command line}
   size_t MaxNewSize                               = 321912832                                 {product} {ergonomic}
   size_t MinHeapDeltaBytes                        = 1048576                                   {product} {ergonomic}
    uintx NonNMethodCodeHeapSize                   = 7594288                                {pd product} {ergonomic}
    uintx NonProfiledCodeHeapSize                  = 122031976                              {pd product} {ergonomic}
    uintx ProfiledCodeHeapSize                     = 122031976                              {pd product} {ergonomic}
    uintx ReservedCodeCacheSize                    = 251658240                              {pd product} {ergonomic}
     bool SegmentedCodeCache                       = true                                      {product} {ergonomic}
     bool UseCompressedClassPointers               = true                                 {lp64_product} {ergonomic}
     bool UseCompressedOops                        = true                                 {lp64_product} {ergonomic}
     bool UseG1GC                                  = true                                      {product} {ergonomic}
     bool UseLargePagesIndividualAllocation        = false                                  {pd product} {ergonomic}

Logging:
Log output configuration:
 #0: stdout all=warning uptime,level,tags
 #1: stderr all=off uptime,level,tags

Environment Variables:
PATH=C:\Program Files (x86)\Common Files\Intel\Shared Libraries\redist\intel64\compiler;C:\Program Files\Eclipse Adoptium\jdk-11.0.17.8-hotspot\bin;C:\Windows\system32;C:\Windows;C:\Windows\System32\Wbem;C:\Windows\System32\WindowsPowerShell\v1.0\;C:\Windows\System32\OpenSSH\;C:\Program Files\NVIDIA Corporation\NVIDIA NvDLISR;C:\Program Files (x86)\NVIDIA Corporation\PhysX\Common;C:\Program Files\dotnet\;C:\Program Files\Git\cmd;C:\Program Files\Docker\Docker\resources\bin;C:\Users\gvynh\AppData\Local\Microsoft\WindowsApps;;C:\Users\gvynh\AppData\Local\Programs\Microsoft VS Code\bin
USERNAME=gvynh
OS=Windows_NT
PROCESSOR_IDENTIFIER=Intel64 Family 6 Model 167 Stepping 1, GenuineIntel
TMP=C:\Users\gvynh\AppData\Local\Temp
TEMP=C:\Users\gvynh\AppData\Local\Temp



---------------  S Y S T E M  ---------------

OS: Windows 10 , 64 bit Build 19041 (10.0.19041.546)
OS uptime: 0 days 2:48 hours
Hyper-V role detected

CPU:total 16 (initial active 16) (8 cores per cpu, 2 threads per core) family 6 model 167 stepping 1 microcode 0x50, cmov, cx8, fxsr, mmx, sse, sse2, sse3, ssse3, sse4.1, sse4.2, popcnt, avx, avx2, aes, clmul, erms, 3dnowpref, lzcnt, ht, tsc, tscinvbit, bmi1, bmi2, adx, evex, sha, fma

Memory: 4k page, system-wide physical 16134M (2999M free)
TotalPageFile size 18182M (AvailPageFile size 5M)
current process WorkingSet (physical memory assigned to process): 129M, peak: 130M
current process commit charge ("private bytes"): 399M, peak: 400M

vm_info: OpenJDK 64-Bit Server VM (11.0.17+8-LTS) for windows-amd64 JRE (11.0.17+8-LTS), built on Oct 14 2022 18:02:01 by "Administrator" with MS VC++ 15.9 (VS2017)

END.
